|--- feature_3228 <= 8.44
|   |--- feature_500 <= 6.21
|   |   |--- feature_8586 <= 9.34
|   |   |   |--- class: 0
|   |   |--- feature_8586 >  9.34
|   |   |   |--- class: 1
|   |--- feature_500 >  6.21
|   |   |--- feature_15859 <= 4.06
|   |   |   |--- class: 1
|   |   |--- feature_15859 >  4.06
|   |   |   |--- feature_8434 <= 9.51
|   |   |   |   |--- class: 0
|   |   |   |--- feature_8434 >  9.51
|   |   |   |   |--- feature_19703 <= 6.55
|   |   |   |   |   |--- feature_20120 <= 7.45
|   |   |   |   |   |   |--- class: 0
|   |   |   |   |   |--- feature_20120 >  7.45
|   |   |   |   |   |   |--- class: 1
|   |   |   |   |--- feature_19703 >  6.55
|   |   |   |   |   |--- class: 0
|--- feature_3228 >  8.44
|   |--- feature_3139 <= 11.40
|   |   |--- feature_14036 <= 9.26
|   |   |   |--- feature_4242 <= 9.41
|   |   |   |   |--- feature_11264 <= 5.81
|   |   |   |   |   |--- class: 1
|   |   |   |   |--- feature_11264 >  5.81
|   |   |   |   |   |--- class: 0
|   |   |   |--- feature_4242 >  9.41
|   |   |   |   |--- class: 0
|   |   |--- feature_14036 >  9.26
|   |   |   |--- feature_4524 <= 8.35
|   |   |   |   |--- class: 1
|   |   |   |--- feature_4524 >  8.35
|   |   |   |   |--- class: 0
|   |--- feature_3139 >  11.40
|   |   |--- feature_1512 <= 10.31
|   |   |   |--- class: 1
|   |   |--- feature_1512 >  10.31
|   |   |   |--- class: 0
